<?xml version="1.0" encoding="UTF-8"?>
<!-- Generated by org.testng.reporters.JUnitReportReporter -->
<testsuite skipped="0" hostname="DESKTOP-IIU3JJU" name="saniket.testcase.TC02" tests="1" failures="0" timestamp="2020-02-23T20:03:24 IST" time="11.844" errors="0">
  <testcase name="Failedpurchaseflow" time="11.844" classname="saniket.testcase.TC02"/>
</testsuite> <!-- saniket.testcase.TC02 -->
